INFO buildroot.py:347:  Mock Version: 1.4.4
DEBUG util.py:109:  ensuring that dir exists: /var/lib/mock/epel-7-x86_64-pygobject3-3.24.1-1.el7/root/dev/pts
DEBUG util.py:112:  creating dir: /var/lib/mock/epel-7-x86_64-pygobject3-3.24.1-1.el7/root/dev/pts
DEBUG util.py:109:  ensuring that dir exists: /var/lib/mock/epel-7-x86_64-pygobject3-3.24.1-1.el7/root/dev/shm
DEBUG util.py:112:  creating dir: /var/lib/mock/epel-7-x86_64-pygobject3-3.24.1-1.el7/root/dev/shm
DEBUG buildroot.py:478:  kernel version == 3.10.0-693.2.2.el7.x86_64
DEBUG util.py:122:  touching file: /var/lib/mock/epel-7-x86_64-pygobject3-3.24.1-1.el7/root/etc/fstab
DEBUG util.py:122:  touching file: /var/lib/mock/epel-7-x86_64-pygobject3-3.24.1-1.el7/root/etc/yum/yum.conf
DEBUG util.py:122:  touching file: /var/lib/mock/epel-7-x86_64-pygobject3-3.24.1-1.el7/root/etc/dnf/dnf.conf
DEBUG util.py:122:  touching file: /var/lib/mock/epel-7-x86_64-pygobject3-3.24.1-1.el7/root/var/log/yum.log
DEBUG util.py:109:  ensuring that dir exists: /var/lib/mock/epel-7-x86_64-pygobject3-3.24.1-1.el7/root/var/cache/yum/
DEBUG util.py:606:  child environment: None
DEBUG util.py:533:  Executing command: ['/bin/mount', '-n', '--bind', '/var/cache/mock/epel-7-x86_64/yum_cache/', '/var/lib/mock/epel-7-x86_64-pygobject3-3.24.1-1.el7/root/var/cache/yum/'] with env {'LANG': 'en_US.utf8', 'TERM': 'vt100', 'SHELL': '/bin/sh', 'HOSTNAME': 'mock', 'HOME': '/builddir', 'PATH': '/usr/bin:/bin:/usr/sbin:/sbin'} and shell False
DEBUG util.py:588:  Child return code was: 0
DEBUG buildroot.py:142:  rootdir = /var/lib/mock/epel-7-x86_64-pygobject3-3.24.1-1.el7/root
DEBUG buildroot.py:143:  resultdir = /home/gmann/rpmbuild/REPO/el/7/x86_64/
DEBUG util.py:109:  ensuring that dir exists: /var/lib/mock/epel-7-x86_64-pygobject3-3.24.1-1.el7/root/etc/pki/mock
DEBUG util.py:109:  ensuring that dir exists: /var/lib/mock/epel-7-x86_64-pygobject3-3.24.1-1.el7/root/etc/yum/pluginconf.d
DEBUG package_manager.py:236:  configure yum
DEBUG package_manager.py:245:  configure yum priorities
DEBUG package_manager.py:247:  configure yum rhnplugin
DEBUG util.py:606:  child environment: None
DEBUG util.py:533:  Executing command: ['/usr/bin/systemd-nspawn', '-q', '-M', 'dd0e494303a14d1684b6a6a97c428684', '-D', '/var/lib/mock/epel-7-x86_64-pygobject3-3.24.1-1.el7/root', '--setenv=LANG=en_US.utf8', '--setenv=TERM=vt100', '--setenv=SHELL=/bin/bash', '--setenv=HOSTNAME=mock', '--setenv=PROMPT_COMMAND=printf "\\033]0;<mock-chroot>\\007"', '--setenv=HOME=/builddir', '--setenv=PATH=/usr/bin:/bin:/usr/sbin:/sbin', '--setenv=PS1=<mock-chroot> \\s-\\v\\$ ', '/usr/sbin/userdel', '-f', 'mockbuild'] with env {'LANG': 'en_US.utf8', 'TERM': 'vt100', 'SHELL': '/bin/bash', 'HOSTNAME': 'mock', 'PROMPT_COMMAND': 'printf "\\033]0;<mock-chroot>\\007"', 'HOME': '/builddir', 'PATH': '/usr/bin:/bin:/usr/sbin:/sbin', 'PS1': '<mock-chroot> \\s-\\v\\$ '} and shell False
DEBUG util.py:450:  DEBUG: Unsharing. Flags: 134217728
DEBUG util.py:450:  Failed to create directory /var/lib/mock/epel-7-x86_64-pygobject3-3.24.1-1.el7/root//sys/fs/selinux: No such file or directory
DEBUG util.py:450:  Failed to create directory /var/lib/mock/epel-7-x86_64-pygobject3-3.24.1-1.el7/root//sys/fs/selinux: No such file or directory
DEBUG util.py:588:  Child return code was: 0
DEBUG util.py:606:  child environment: None
DEBUG util.py:533:  Executing command: ['/usr/bin/systemd-nspawn', '-q', '-M', '4360206e44f546be83ca30d98f0ff6ab', '-D', '/var/lib/mock/epel-7-x86_64-pygobject3-3.24.1-1.el7/root', '--setenv=LANG=en_US.utf8', '--setenv=TERM=vt100', '--setenv=SHELL=/bin/bash', '--setenv=HOSTNAME=mock', '--setenv=PROMPT_COMMAND=printf "\\033]0;<mock-chroot>\\007"', '--setenv=HOME=/builddir', '--setenv=PATH=/usr/bin:/bin:/usr/sbin:/sbin', '--setenv=PS1=<mock-chroot> \\s-\\v\\$ ', '/usr/sbin/groupdel', 'mock'] with env {'LANG': 'en_US.utf8', 'TERM': 'vt100', 'SHELL': '/bin/bash', 'HOSTNAME': 'mock', 'PROMPT_COMMAND': 'printf "\\033]0;<mock-chroot>\\007"', 'HOME': '/builddir', 'PATH': '/usr/bin:/bin:/usr/sbin:/sbin', 'PS1': '<mock-chroot> \\s-\\v\\$ '} and shell False
DEBUG util.py:450:  DEBUG: Unsharing. Flags: 134217728
DEBUG util.py:450:  Failed to create directory /var/lib/mock/epel-7-x86_64-pygobject3-3.24.1-1.el7/root//sys/fs/selinux: No such file or directory
DEBUG util.py:450:  Failed to create directory /var/lib/mock/epel-7-x86_64-pygobject3-3.24.1-1.el7/root//sys/fs/selinux: No such file or directory
DEBUG util.py:588:  Child return code was: 0
DEBUG util.py:606:  child environment: None
DEBUG util.py:533:  Executing command: ['/usr/bin/systemd-nspawn', '-q', '-M', '8f5b639e28134bd5b2b9bb721c68ea7e', '-D', '/var/lib/mock/epel-7-x86_64-pygobject3-3.24.1-1.el7/root', '--setenv=LANG=en_US.utf8', '--setenv=TERM=vt100', '--setenv=SHELL=/bin/bash', '--setenv=HOSTNAME=mock', '--setenv=PROMPT_COMMAND=printf "\\033]0;<mock-chroot>\\007"', '--setenv=HOME=/builddir', '--setenv=PATH=/usr/bin:/bin:/usr/sbin:/sbin', '--setenv=PS1=<mock-chroot> \\s-\\v\\$ ', '/usr/sbin/groupadd', '-g', '135', 'mock'] with env {'LANG': 'en_US.utf8', 'TERM': 'vt100', 'SHELL': '/bin/bash', 'HOSTNAME': 'mock', 'PROMPT_COMMAND': 'printf "\\033]0;<mock-chroot>\\007"', 'HOME': '/builddir', 'PATH': '/usr/bin:/bin:/usr/sbin:/sbin', 'PS1': '<mock-chroot> \\s-\\v\\$ '} and shell False
DEBUG util.py:450:  DEBUG: Unsharing. Flags: 134217728
DEBUG util.py:450:  Failed to create directory /var/lib/mock/epel-7-x86_64-pygobject3-3.24.1-1.el7/root//sys/fs/selinux: No such file or directory
DEBUG util.py:450:  Failed to create directory /var/lib/mock/epel-7-x86_64-pygobject3-3.24.1-1.el7/root//sys/fs/selinux: No such file or directory
DEBUG util.py:588:  Child return code was: 0
DEBUG util.py:606:  child environment: None
DEBUG util.py:533:  Executing command: ['/usr/bin/systemd-nspawn', '-q', '-M', 'bd9ed154e21d4f4cb8bf04ab69652500', '-D', '/var/lib/mock/epel-7-x86_64-pygobject3-3.24.1-1.el7/root', '--setenv=LANG=en_US.utf8', '--setenv=TERM=vt100', '--setenv=SHELL=/bin/bash', '--setenv=HOSTNAME=mock', '--setenv=PROMPT_COMMAND=printf "\\033]0;<mock-chroot>\\007"', '--setenv=HOME=/builddir', '--setenv=PATH=/usr/bin:/bin:/usr/sbin:/sbin', '--setenv=PS1=<mock-chroot> \\s-\\v\\$ ', '/usr/sbin/useradd', '-o', '-m', '-u', '1000', '-g', '135', '-d', '/builddir', '-n', 'mockbuild'] with env {'LANG': 'en_US.utf8', 'TERM': 'vt100', 'SHELL': '/bin/bash', 'HOSTNAME': 'mock', 'PROMPT_COMMAND': 'printf "\\033]0;<mock-chroot>\\007"', 'HOME': '/builddir', 'PATH': '/usr/bin:/bin:/usr/sbin:/sbin', 'PS1': '<mock-chroot> \\s-\\v\\$ '} and shell False
DEBUG util.py:450:  DEBUG: Unsharing. Flags: 134217728
DEBUG util.py:450:  Failed to create directory /var/lib/mock/epel-7-x86_64-pygobject3-3.24.1-1.el7/root//sys/fs/selinux: No such file or directory
DEBUG util.py:450:  Failed to create directory /var/lib/mock/epel-7-x86_64-pygobject3-3.24.1-1.el7/root//sys/fs/selinux: No such file or directory
DEBUG util.py:450:  useradd: warning: the home directory already exists.
DEBUG util.py:450:  Not copying any file from skel directory into it.
DEBUG util.py:450:  Creating mailbox file: File exists
DEBUG util.py:588:  Child return code was: 0
DEBUG util.py:109:  ensuring that dir exists: /var/lib/mock/epel-7-x86_64-pygobject3-3.24.1-1.el7/root/builddir/build/RPMS
DEBUG util.py:112:  creating dir: /var/lib/mock/epel-7-x86_64-pygobject3-3.24.1-1.el7/root/builddir/build/RPMS
DEBUG util.py:109:  ensuring that dir exists: /var/lib/mock/epel-7-x86_64-pygobject3-3.24.1-1.el7/root/builddir/build/SPECS
DEBUG util.py:112:  creating dir: /var/lib/mock/epel-7-x86_64-pygobject3-3.24.1-1.el7/root/builddir/build/SPECS
DEBUG util.py:109:  ensuring that dir exists: /var/lib/mock/epel-7-x86_64-pygobject3-3.24.1-1.el7/root/builddir/build/SRPMS
DEBUG util.py:112:  creating dir: /var/lib/mock/epel-7-x86_64-pygobject3-3.24.1-1.el7/root/builddir/build/SRPMS
DEBUG util.py:109:  ensuring that dir exists: /var/lib/mock/epel-7-x86_64-pygobject3-3.24.1-1.el7/root/builddir/build/SOURCES
DEBUG util.py:109:  ensuring that dir exists: /var/lib/mock/epel-7-x86_64-pygobject3-3.24.1-1.el7/root/builddir/build/BUILD
DEBUG util.py:112:  creating dir: /var/lib/mock/epel-7-x86_64-pygobject3-3.24.1-1.el7/root/builddir/build/BUILD
DEBUG util.py:109:  ensuring that dir exists: /var/lib/mock/epel-7-x86_64-pygobject3-3.24.1-1.el7/root/builddir/build/BUILDROOT
DEBUG util.py:112:  creating dir: /var/lib/mock/epel-7-x86_64-pygobject3-3.24.1-1.el7/root/builddir/build/BUILDROOT
DEBUG util.py:109:  ensuring that dir exists: /var/lib/mock/epel-7-x86_64-pygobject3-3.24.1-1.el7/root/builddir/build/originals
DEBUG util.py:112:  creating dir: /var/lib/mock/epel-7-x86_64-pygobject3-3.24.1-1.el7/root/builddir/build/originals
DEBUG util.py:122:  touching file: /var/lib/mock/epel-7-x86_64-pygobject3-3.24.1-1.el7/root/.initialized
DEBUG util.py:606:  child environment: None
DEBUG util.py:533:  Executing command: ['/usr/bin/systemd-nspawn', '-q', '-M', 'b90633328d754f2a988012338cabbae4', '-D', '/var/lib/mock/epel-7-x86_64-pygobject3-3.24.1-1.el7/root', '--setenv=LANG=en_US.utf8', '--setenv=TERM=vt100', '--setenv=SHELL=/bin/bash', '--setenv=HOSTNAME=mock', '--setenv=PROMPT_COMMAND=printf "\\033]0;<mock-chroot>\\007"', '--setenv=HOME=/builddir', '--setenv=PATH=/usr/bin:/bin:/usr/sbin:/sbin', '--setenv=PS1=<mock-chroot> \\s-\\v\\$ ', '-u', 'mockbuild', '/bin/rpm', '-Uvh', '--nodeps', '/builddir/build/originals/pygobject3-3.24.1-1.el7.src.rpm'] with env {'LANG': 'en_US.utf8', 'TERM': 'vt100', 'SHELL': '/bin/bash', 'HOSTNAME': 'mock', 'PROMPT_COMMAND': 'printf "\\033]0;<mock-chroot>\\007"', 'HOME': '/builddir', 'PATH': '/usr/bin:/bin:/usr/sbin:/sbin', 'PS1': '<mock-chroot> \\s-\\v\\$ '} and shell False
DEBUG util.py:450:  DEBUG: Unsharing. Flags: 134217728
DEBUG util.py:450:  Failed to create directory /var/lib/mock/epel-7-x86_64-pygobject3-3.24.1-1.el7/root//sys/fs/selinux: No such file or directory
DEBUG util.py:450:  Failed to create directory /var/lib/mock/epel-7-x86_64-pygobject3-3.24.1-1.el7/root//sys/fs/selinux: No such file or directory
DEBUG util.py:450:  Updating / installing...
DEBUG util.py:450:  pygobject3-3.24.1-1.el7               ########################################
DEBUG util.py:588:  Child return code was: 0
DEBUG util.py:606:  child environment: None
DEBUG util.py:533:  Executing command: ['/usr/bin/systemd-nspawn', '-q', '-M', '830d97b236a3417191b1bffe5abc4cf8', '-D', '/var/lib/mock/epel-7-x86_64-pygobject3-3.24.1-1.el7/root', '--setenv=LANG=en_US.utf8', '--setenv=TERM=vt100', '--setenv=SHELL=/bin/bash', '--setenv=HOSTNAME=mock', '--setenv=PROMPT_COMMAND=printf "\\033]0;<mock-chroot>\\007"', '--setenv=HOME=/builddir', '--setenv=PATH=/usr/bin:/bin:/usr/sbin:/sbin', '--setenv=PS1=<mock-chroot> \\s-\\v\\$ ', '-u', 'mockbuild', '/bin/rpm', '-qpl', '/builddir/build/originals/pygobject3-3.24.1-1.el7.src.rpm'] with env {'LANG': 'en_US.utf8', 'TERM': 'vt100', 'SHELL': '/bin/bash', 'HOSTNAME': 'mock', 'PROMPT_COMMAND': 'printf "\\033]0;<mock-chroot>\\007"', 'HOME': '/builddir', 'PATH': '/usr/bin:/bin:/usr/sbin:/sbin', 'PS1': '<mock-chroot> \\s-\\v\\$ '} and shell False
DEBUG util.py:450:  DEBUG: Unsharing. Flags: 134217728
DEBUG util.py:450:  Failed to create directory /var/lib/mock/epel-7-x86_64-pygobject3-3.24.1-1.el7/root//sys/fs/selinux: No such file or directory
DEBUG util.py:450:  Failed to create directory /var/lib/mock/epel-7-x86_64-pygobject3-3.24.1-1.el7/root//sys/fs/selinux: No such file or directory
DEBUG util.py:450:  pygobject-3.24.1.tar.xz
DEBUG util.py:450:  pygobject3.spec
DEBUG util.py:588:  Child return code was: 0
INFO buildroot.py:204:  ENTER ['do'](['bash', '--login', '-c', '/usr/bin/rpmbuild -bs --target x86_64 --nodeps /builddir/build/SPECS/pygobject3.spec'], nspawn_args=[]shell=Falseuid=1000env={'LANG': 'en_US.utf8', 'TERM': 'vt100', 'SHELL': '/bin/bash', 'HOSTNAME': 'mock', 'PROMPT_COMMAND': 'printf "\\033]0;<mock-chroot>\\007"', 'HOME': '/builddir', 'PATH': '/usr/bin:/bin:/usr/sbin:/sbin', 'PS1': '<mock-chroot> \\s-\\v\\$ '}chrootPath='/var/lib/mock/epel-7-x86_64-pygobject3-3.24.1-1.el7/root'gid=135user='mockbuild'timeout=0logger=<mockbuild.trace_decorator.getLog object at 0x1390050>printOutput=True)
DEBUG util.py:606:  child environment: None
DEBUG util.py:533:  Executing command: ['/usr/bin/systemd-nspawn', '-q', '-M', '6cc690a046674e43b155f74ec6c8cc12', '-D', '/var/lib/mock/epel-7-x86_64-pygobject3-3.24.1-1.el7/root', '--setenv=LANG=en_US.utf8', '--setenv=TERM=vt100', '--setenv=SHELL=/bin/bash', '--setenv=HOSTNAME=mock', '--setenv=PROMPT_COMMAND=printf "\\033]0;<mock-chroot>\\007"', '--setenv=HOME=/builddir', '--setenv=PATH=/usr/bin:/bin:/usr/sbin:/sbin', '--setenv=PS1=<mock-chroot> \\s-\\v\\$ ', '-u', 'mockbuild', 'bash', '--login', '-c', '/usr/bin/rpmbuild -bs --target x86_64 --nodeps /builddir/build/SPECS/pygobject3.spec'] with env {'LANG': 'en_US.utf8', 'TERM': 'vt100', 'SHELL': '/bin/bash', 'HOSTNAME': 'mock', 'PROMPT_COMMAND': 'printf "\\033]0;<mock-chroot>\\007"', 'HOME': '/builddir', 'PATH': '/usr/bin:/bin:/usr/sbin:/sbin', 'PS1': '<mock-chroot> \\s-\\v\\$ '} and shell False
DEBUG util.py:450:  DEBUG: Unsharing. Flags: 134217728
DEBUG util.py:450:  Failed to create directory /var/lib/mock/epel-7-x86_64-pygobject3-3.24.1-1.el7/root//sys/fs/selinux: No such file or directory
DEBUG util.py:450:  Failed to create directory /var/lib/mock/epel-7-x86_64-pygobject3-3.24.1-1.el7/root//sys/fs/selinux: No such file or directory
DEBUG util.py:450:  Building target platforms: x86_64
DEBUG util.py:450:  Building for target x86_64
DEBUG util.py:450:  Wrote: /builddir/build/SRPMS/pygobject3-3.24.1-1.el7.src.rpm
DEBUG util.py:588:  Child return code was: 0
DEBUG package_manager.py:107:  ['/usr/bin/yum-builddep', '--installroot', '/var/lib/mock/epel-7-x86_64-pygobject3-3.24.1-1.el7/root/', '--releasever', '7', '/var/lib/mock/epel-7-x86_64-pygobject3-3.24.1-1.el7/root//builddir/build/SRPMS/pygobject3-3.24.1-1.el7.src.rpm']
DEBUG util.py:606:  child environment: None
DEBUG util.py:533:  Executing command: ['/usr/bin/yum-builddep', '--installroot', '/var/lib/mock/epel-7-x86_64-pygobject3-3.24.1-1.el7/root/', '--releasever', '7', '/var/lib/mock/epel-7-x86_64-pygobject3-3.24.1-1.el7/root//builddir/build/SRPMS/pygobject3-3.24.1-1.el7.src.rpm'] with env {'LANG': 'en_US.utf8', 'TERM': 'vt100', 'SHELL': '/bin/bash', 'LC_MESSAGES': 'C.UTF-8', 'HOSTNAME': 'mock', 'PROMPT_COMMAND': 'printf "\\033]0;<mock-chroot>\\007"', 'HOME': '/builddir', 'PATH': '/usr/bin:/bin:/usr/sbin:/sbin', 'PS1': '<mock-chroot> \\s-\\v\\$ '} and shell False
DEBUG util.py:450:  Failed to set locale, defaulting to C
DEBUG util.py:450:  base                                                                                                                                                                                                                    | 3.6 kB  00:00:00     
DEBUG util.py:450:  elmooz                                                                                                                                                                                                                  | 3.0 kB  00:00:00     
DEBUG util.py:450:  epel                                                                                                                                                                                                                    | 4.3 kB  00:00:00     
DEBUG util.py:450:  epel-multimedia                                                                                                                                                                                                         | 3.5 kB  00:00:00     
DEBUG util.py:450:  extras                                                                                                                                                                                                                  | 3.4 kB  00:00:00     
DEBUG util.py:450:  nux-dextop                                                                                                                                                                                                              | 2.9 kB  00:00:00     
DEBUG util.py:450:  updates                                                                                                                                                                                                                 | 3.4 kB  00:00:00     
DEBUG util.py:450:  Getting requirements for pygobject3-3.24.1-1.el7.src
DEBUG util.py:450:   --> Already installed : glib2-devel-2.50.3-3.el7.x86_64
DEBUG util.py:450:   --> Already installed : gobject-introspection-devel-1.50.0-1.el7.x86_64
DEBUG util.py:450:   --> Already installed : python-devel-2.7.5-58.el7.x86_64
DEBUG util.py:450:   --> python34-devel-3.4.5-4.el7.x86_64
DEBUG util.py:450:   --> python3-cairo-devel-1.10.0-1.el7.x86_64
DEBUG util.py:450:   --> Already installed : cairo-gobject-devel-1.14.8-2.el7.x86_64
DEBUG util.py:450:   --> Already installed : pycairo-devel-1.8.10-8.el7.x86_64
DEBUG util.py:450:  --> Running transaction check
DEBUG util.py:450:  ---> Package python3-cairo-devel.x86_64 0:1.10.0-1.el7 will be installed
DEBUG util.py:450:  --> Processing Dependency: python3-cairo = 1.10.0-1.el7 for package: python3-cairo-devel-1.10.0-1.el7.x86_64
DEBUG util.py:450:  ---> Package python34-devel.x86_64 0:3.4.5-4.el7 will be installed
DEBUG util.py:450:  --> Processing Dependency: python34-libs(x86-64) = 3.4.5-4.el7 for package: python34-devel-3.4.5-4.el7.x86_64
DEBUG util.py:450:  --> Processing Dependency: python34 = 3.4.5-4.el7 for package: python34-devel-3.4.5-4.el7.x86_64
DEBUG util.py:450:  --> Processing Dependency: python3-rpm-macros for package: python34-devel-3.4.5-4.el7.x86_64
DEBUG util.py:450:  --> Processing Dependency: /usr/bin/python3.4m for package: python34-devel-3.4.5-4.el7.x86_64
DEBUG util.py:450:  --> Running transaction check
DEBUG util.py:450:  ---> Package python3-cairo.x86_64 0:1.10.0-1.el7 will be installed
DEBUG util.py:450:  ---> Package python3-rpm-macros.noarch 0:3-17.el7 will be installed
DEBUG util.py:450:  ---> Package python34.x86_64 0:3.4.5-4.el7 will be installed
DEBUG util.py:450:  ---> Package python34-libs.x86_64 0:3.4.5-4.el7 will be installed
DEBUG util.py:450:  --> Finished Dependency Resolution
DEBUG util.py:450:  Dependencies Resolved
DEBUG util.py:450:  ===============================================================================================================================================================================================================================================
DEBUG util.py:450:   Package                                                           Arch                                                 Version                                                     Repository                                            Size
DEBUG util.py:450:  ===============================================================================================================================================================================================================================================
DEBUG util.py:450:  Installing:
DEBUG util.py:450:   python3-cairo-devel                                               x86_64                                               1.10.0-1.el7                                                elmooz                                               8.5 k
DEBUG util.py:450:   python34-devel                                                    x86_64                                               3.4.5-4.el7                                                 epel                                                 185 k
DEBUG util.py:450:  Installing for dependencies:
DEBUG util.py:450:   python3-cairo                                                     x86_64                                               1.10.0-1.el7                                                elmooz                                               508 k
DEBUG util.py:450:   python3-rpm-macros                                                noarch                                               3-17.el7                                                    epel                                                 5.7 k
DEBUG util.py:450:   python34                                                          x86_64                                               3.4.5-4.el7                                                 epel                                                  50 k
DEBUG util.py:450:   python34-libs                                                     x86_64                                               3.4.5-4.el7                                                 epel                                                 8.2 M
DEBUG util.py:450:  Transaction Summary
DEBUG util.py:450:  ===============================================================================================================================================================================================================================================
DEBUG util.py:450:  Install  2 Packages (+4 Dependent packages)
DEBUG util.py:450:  Total size: 9.0 M
DEBUG util.py:450:  Total download size: 517 k
DEBUG util.py:450:  Installed size: 31 M
DEBUG util.py:450:  Downloading packages:
DEBUG util.py:450:  python3-cairo-devel-1.10.0-1.e FAILED                                          
DEBUG util.py:450:  https://github.com/moozhub/yum-repo-mooz/raw/master/el/7/x86_64/python3-cairo-devel-1.10.0-1.el7.x86_64.rpm: [Errno -1] Package does not match intended download. Suggestion: run yum --enablerepo=elmooz clean metadata
DEBUG util.py:450:  Trying other mirror.
DEBUG util.py:450:  python3-cairo-1.10.0-1.el7.x86 FAILED                                          
DEBUG util.py:450:  https://github.com/moozhub/yum-repo-mooz/raw/master/el/7/x86_64/python3-cairo-1.10.0-1.el7.x86_64.rpm: [Errno -1] Package does not match intended download. Suggestion: run yum --enablerepo=elmooz clean metadata
DEBUG util.py:450:  Trying other mirror.
DEBUG util.py:450:  Error downloading packages:
DEBUG util.py:450:    python3-cairo-1.10.0-1.el7.x86_64: [Errno 256] No more mirrors to try.
DEBUG util.py:450:    python3-cairo-devel-1.10.0-1.el7.x86_64: [Errno 256] No more mirrors to try.
DEBUG util.py:588:  Child return code was: 1
DEBUG util.py:197:  kill orphans
DEBUG util.py:606:  child environment: None
DEBUG util.py:533:  Executing command: ['/bin/umount', '-n', '/var/lib/mock/epel-7-x86_64-pygobject3-3.24.1-1.el7/root/var/cache/yum/'] with env {'LANG': 'en_US.utf8', 'TERM': 'vt100', 'SHELL': '/bin/sh', 'HOSTNAME': 'mock', 'HOME': '/builddir', 'PATH': '/usr/bin:/bin:/usr/sbin:/sbin'} and shell False
DEBUG util.py:588:  Child return code was: 0
